Using pre-set license
Built from '2021.3/staging' branch; Version is '2021.3.9f1 (ad3870b89536) revision 11352176'; Using compiler version '192829333'; Build Type 'Release'
OS: 'Windows 10  (10.0.19044) 64bit Core' Language: 'en' Physical Memory: 32599 MB
BatchMode: 1, IsHumanControllingUs: 0, StartBugReporterOnCrash: 0, Is64bit: 1, IsPro: 1

COMMAND LINE ARGUMENTS:
C:\Program Files\Unity\Hub\Editor\2021.3.9f1\Editor\Unity.exe
-adb2
-batchMode
-noUpm
-name
AssetImportWorker0
-projectPath
C:/Test/Git/AI_exam/WorldWarZ
-logFile
Logs/AssetImportWorker0.log
-srvPort
58652
Successfully changed project path to: C:/Test/Git/AI_exam/WorldWarZ
C:/Test/Git/AI_exam/WorldWarZ
[UnityMemory] Configuration Parameters - Can be set up in boot.config
    "memorysetup-bucket-allocator-granularity=16"
    "memorysetup-bucket-allocator-bucket-count=8"
    "memorysetup-bucket-allocator-block-size=33554432"
    "memorysetup-bucket-allocator-block-count=8"
    "memorysetup-main-allocator-block-size=16777216"
    "memorysetup-thread-allocator-block-size=16777216"
    "memorysetup-gfx-main-allocator-block-size=16777216"
    "memorysetup-gfx-thread-allocator-block-size=16777216"
    "memorysetup-cache-allocator-block-size=4194304"
    "memorysetup-typetree-allocator-block-size=2097152"
    "memorysetup-profiler-bucket-allocator-granularity=16"
    "memorysetup-profiler-bucket-allocator-bucket-count=8"
    "memorysetup-profiler-bucket-allocator-block-size=33554432"
    "memorysetup-profiler-bucket-allocator-block-count=8"
    "memorysetup-profiler-allocator-block-size=16777216"
    "memorysetup-profiler-editor-allocator-block-size=1048576"
    "memorysetup-temp-allocator-size-main=16777216"
    "memorysetup-job-temp-allocator-block-size=2097152"
    "memorysetup-job-temp-allocator-block-size-background=1048576"
    "memorysetup-job-temp-allocator-reduction-small-platforms=262144"
    "memorysetup-temp-allocator-size-background-worker=32768"
    "memorysetup-temp-allocator-size-job-worker=262144"
    "memorysetup-temp-allocator-size-preload-manager=33554432"
    "memorysetup-temp-allocator-size-nav-mesh-worker=65536"
    "memorysetup-temp-allocator-size-audio-worker=65536"
    "memorysetup-temp-allocator-size-cloud-worker=32768"
    "memorysetup-temp-allocator-size-gi-baking-worker=262144"
    "memorysetup-temp-allocator-size-gfx=262144"
Refreshing native plugins compatible for Editor in 80.75 ms, found 3 plugins.
Preloading 0 native plugins for Editor in 0.00 ms.
Initialize engine version: 2021.3.9f1 (ad3870b89536)
[Subsystems] Discovering subsystems at path C:/Program Files/Unity/Hub/Editor/2021.3.9f1/Editor/Data/Resources/UnitySubsystems
[Subsystems] Discovering subsystems at path C:/Test/Git/AI_exam/WorldWarZ/Assets
GfxDevice: creating device client; threaded=0; jobified=0
Direct3D:
    Version:  Direct3D 11.0 [level 11.1]
    Renderer: NVIDIA GeForce RTX 3060 Laptop GPU (ID=0x2520)
    Vendor:   NVIDIA
    VRAM:     6023 MB
    Driver:   30.0.14.9729
Initialize mono
Mono path[0] = 'C:/Program Files/Unity/Hub/Editor/2021.3.9f1/Editor/Data/Managed'
Mono path[1] = 'C:/Program Files/Unity/Hub/Editor/2021.3.9f1/Editor/Data/MonoBleedingEdge/lib/mono/unityjit-win32'
Mono config path = 'C:/Program Files/Unity/Hub/Editor/2021.3.9f1/Editor/Data/MonoBleedingEdge/etc'
Using monoOptions --debugger-agent=transport=dt_socket,embedding=1,server=y,suspend=n,address=127.0.0.1:56156
Begin MonoManager ReloadAssembly
Registering precompiled unity dll's ...
Register platform support module: C:/Program Files/Unity/Hub/Editor/2021.3.9f1/Editor/Data/PlaybackEngines/WindowsStandaloneSupport/UnityEditor.WindowsStandalone.Extensions.dll
Register platform support module: C:/Program Files/Unity/Hub/Editor/2021.3.9f1/Editor/Data/PlaybackEngines/MetroSupport/UnityEditor.UWP.Extensions.dll
Registered in 0.009498 seconds.
Native extension for UWP target not found
Native extension for WindowsStandalone target not found
Refreshing native plugins compatible for Editor in 78.69 ms, found 3 plugins.
Preloading 0 native plugins for Editor in 0.00 ms.
Mono: successfully reloaded assembly
- Completed reload, in  0.640 seconds
Domain Reload Profiling:
	ReloadAssembly (641ms)
		BeginReloadAssembly (68ms)
			ExecutionOrderSort (0ms)
			DisableScriptedObjects (0ms)
			BackupInstance (0ms)
			ReleaseScriptingObjects (0ms)
			CreateAndSetChildDomain (1ms)
		EndReloadAssembly (446ms)
			LoadAssemblies (66ms)
			RebuildTransferFunctionScriptingTraits (0ms)
			SetupTypeCache (102ms)
			ReleaseScriptCaches (0ms)
			RebuildScriptCaches (25ms)
			SetupLoadedEditorAssemblies (271ms)
				LogAssemblyErrors (0ms)
				InitializePlatformSupportModulesInManaged (9ms)
				SetLoadedEditorAssemblies (0ms)
				RefreshPlugins (79ms)
				BeforeProcessingInitializeOnLoad (1ms)
				ProcessInitializeOnLoadAttributes (138ms)
				ProcessInitializeOnLoadMethodAttributes (43ms)
				AfterProcessingInitializeOnLoad (0ms)
				EditorAssembliesLoaded (0ms)
			ExecutionOrderSort2 (0ms)
			AwakeInstancesAfterBackupRestoration (0ms)
Platform modules already initialized, skipping
Registering precompiled user dll's ...
Registered in 0.006975 seconds.
Begin MonoManager ReloadAssembly
Symbol file LoadedFromMemory doesn't match image C:\Test\Git\AI_exam\WorldWarZ\Library\PackageCache\com.unity.visualscripting@1.7.8\Editor\VisualScripting.Core\Dependencies\YamlDotNet\Unity.VisualScripting.YamlDotNet.dll
Symbol file LoadedFromMemory doesn't match image C:\Test\Git\AI_exam\WorldWarZ\Library\PackageCache\com.unity.visualscripting@1.7.8\Editor\VisualScripting.Core\Dependencies\DotNetZip\Unity.VisualScripting.IonicZip.dll
Native extension for UWP target not found
Native extension for WindowsStandalone target not found
Refreshing native plugins compatible for Editor in 0.57 ms, found 3 plugins.
Preloading 0 native plugins for Editor in 0.00 ms.
Mono: successfully reloaded assembly
- Completed reload, in  1.208 seconds
Domain Reload Profiling:
	ReloadAssembly (1209ms)
		BeginReloadAssembly (128ms)
			ExecutionOrderSort (0ms)
			DisableScriptedObjects (6ms)
			BackupInstance (0ms)
			ReleaseScriptingObjects (0ms)
			CreateAndSetChildDomain (20ms)
		EndReloadAssembly (948ms)
			LoadAssemblies (101ms)
			RebuildTransferFunctionScriptingTraits (0ms)
			SetupTypeCache (308ms)
			ReleaseScriptCaches (1ms)
			RebuildScriptCaches (61ms)
			SetupLoadedEditorAssemblies (424ms)
				LogAssemblyErrors (0ms)
				InitializePlatformSupportModulesInManaged (8ms)
				SetLoadedEditorAssemblies (0ms)
				RefreshPlugins (1ms)
				BeforeProcessingInitializeOnLoad (119ms)
				ProcessInitializeOnLoadAttributes (259ms)
				ProcessInitializeOnLoadMethodAttributes (27ms)
				AfterProcessingInitializeOnLoad (8ms)
				EditorAssembliesLoaded (0ms)
			ExecutionOrderSort2 (0ms)
			AwakeInstancesAfterBackupRestoration (5ms)
Platform modules already initialized, skipping
========================================================================
Worker process is ready to serve import requests
Launched and connected shader compiler UnityShaderCompiler.exe after 0.03 seconds
Refreshing native plugins compatible for Editor in 0.52 ms, found 3 plugins.
Preloading 0 native plugins for Editor in 0.00 ms.
Unloading 3380 Unused Serialized files (Serialized files now loaded: 0)
Unloading 27 unused Assets / (111.3 KB). Loaded Objects now: 3837.
Memory consumption went from 116.2 MB to 116.0 MB.
Total: 3.224400 ms (FindLiveObjects: 0.252700 ms CreateObjectMapping: 0.226800 ms MarkObjects: 2.649700 ms  DeleteObjects: 0.094500 ms)

AssetImportParameters requested are different than current active one (requested -> active):
  custom:video-decoder-ogg-theora: a1e56fd34408186e4bbccfd4996cb3dc -> 
  custom:container-muxer-webm: aa71ff27fc2769a1b78a27578f13a17b -> 
  custom:container-demuxer-webm: 4f35f7cbe854078d1ac9338744f61a02 -> 
  custom:video-encoder-webm-vp8: eb34c28f22e8b96e1ab97ce403110664 -> 
  custom:audio-encoder-webm-vorbis: bf7c407c2cedff20999df2af8eb42d56 -> 
  custom:framework-win-MediaFoundation: 216162199b28c13a410421893ffa2e32 -> 
  custom:container-demuxer-ogg: 62fdf1f143b41e24485cea50d1cbac27 -> 
  custom:video-decoder-webm-vp8: 9c59270c3fd7afecdb556c50c9e8de78 -> 
  custom:audio-decoder-ogg-vorbis: bf7c407c2cedff20999df2af8eb42d56 -> 
========================================================================
Received Import Request.
  Time since last request: 2040.722716 seconds.
  path: Assets/Scenes/Part 1.unity
  artifactKey: Guid(65f63372fef8f4d749c70bf7f5c8289b) Importer(815301076,1909f56bfc062723c751e8b465ee728b)
Start importing Assets/Scenes/Part 1.unity using Guid(65f63372fef8f4d749c70bf7f5c8289b) Importer(815301076,1909f56bfc062723c751e8b465ee728b)  -> (artifact id: '1908381083f8dbb9d9cc92f41faedbe3') in 0.011846 seconds 
========================================================================
Received Import Request.
  Time since last request: 5.286159 seconds.
  path: Assets/Scenes/Part 2.unity
  artifactKey: Guid(3cdf3e5be2f5e42db90cb66e4bad7bc7) Importer(815301076,1909f56bfc062723c751e8b465ee728b)
Start importing Assets/Scenes/Part 2.unity using Guid(3cdf3e5be2f5e42db90cb66e4bad7bc7) Importer(815301076,1909f56bfc062723c751e8b465ee728b)  -> (artifact id: '71d883fc7c458ee1735f9554e6275193') in 0.005646 seconds 
========================================================================
Received Import Request.
  Time since last request: 77.428707 seconds.
  path: Assets/Scenes/Part 3.unity
  artifactKey: Guid(b992f2296f2a0494fbe454479b68022d) Importer(815301076,1909f56bfc062723c751e8b465ee728b)
Start importing Assets/Scenes/Part 3.unity using Guid(b992f2296f2a0494fbe454479b68022d) Importer(815301076,1909f56bfc062723c751e8b465ee728b)  -> (artifact id: 'fb9e90b67129bb4cacc288434ab9f400') in 0.006416 seconds 
========================================================================
Received Import Request.
  Time since last request: 11.232958 seconds.
  path: Assets/Scenes/Part 3Settings.lighting
  artifactKey: Guid(aa3da2f57a6f344cbba628e3caceb928) Importer(815301076,1909f56bfc062723c751e8b465ee728b)
Start importing Assets/Scenes/Part 3Settings.lighting using Guid(aa3da2f57a6f344cbba628e3caceb928) Importer(815301076,1909f56bfc062723c751e8b465ee728b) LightingSettings: switching bake backend from 1 to 0.
 -> (artifact id: '336ab7d15901e8909c1604d6285e17b6') in 0.024212 seconds 
========================================================================
Received Import Request.
  Time since last request: 1.408234 seconds.
  path: Assets/Scenes/Part 4.unity
  artifactKey: Guid(73593cf1407d64157907ab15b0270d60) Importer(815301076,1909f56bfc062723c751e8b465ee728b)
Start importing Assets/Scenes/Part 4.unity using Guid(73593cf1407d64157907ab15b0270d60) Importer(815301076,1909f56bfc062723c751e8b465ee728b)  -> (artifact id: '1d4b92989dcdefa8ac333ea0866432e0') in 0.006263 seconds 
========================================================================
Received Import Request.
  Time since last request: 408.845526 seconds.
  path: Assets/X-Factory - Brain Meal/Prefabs
  artifactKey: Guid(1be2bdb7584bf684b99a358684537e9e) Importer(815301076,1909f56bfc062723c751e8b465ee728b)
Start importing Assets/X-Factory - Brain Meal/Prefabs using Guid(1be2bdb7584bf684b99a358684537e9e) Importer(815301076,1909f56bfc062723c751e8b465ee728b)  -> (artifact id: '3a48ff6d97ebd604c13893186efbbadd') in 0.005818 seconds 
========================================================================
Received Import Request.
  Time since last request: 1.110431 seconds.
  path: Assets/X-Factory - Brain Meal/Prefabs/Brain.prefab
  artifactKey: Guid(33b0c7c5c82bc49428a8ca2281f3555e) Importer(815301076,1909f56bfc062723c751e8b465ee728b)
Start importing Assets/X-Factory - Brain Meal/Prefabs/Brain.prefab using Guid(33b0c7c5c82bc49428a8ca2281f3555e) Importer(815301076,1909f56bfc062723c751e8b465ee728b)  -> (artifact id: '0a5ea82a3e469060269c1c41b1cea17b') in 0.314742 seconds 
========================================================================
Received Import Request.
  Time since last request: 10.302434 seconds.
  path: Assets/X-Factory - Brain Meal/Prefabs/Flesh.prefab
  artifactKey: Guid(c6d3a5db0c45d0e4cac7fd509d4d1787) Importer(815301076,1909f56bfc062723c751e8b465ee728b)
Start importing Assets/X-Factory - Brain Meal/Prefabs/Flesh.prefab using Guid(c6d3a5db0c45d0e4cac7fd509d4d1787) Importer(815301076,1909f56bfc062723c751e8b465ee728b)  -> (artifact id: 'd3f5dd82f772b54f3e3e21c977296ef9') in 0.033138 seconds 
